#
# A fatal error has been detected by the Java Runtime Environment:
#
#  EXCEPTION_ACCESS_VIOLATION (0xc0000005) at pc=0x18794050, pid=11148, tid=0x00000874
#
# JRE version: Java(TM) SE Runtime Environment (8.0_251-b08) (build 1.8.0_251-b08)
# Java VM: Java HotSpot(TM) Client VM (25.251-b08 mixed mode, sharing windows-x86 )
# Problematic frame:
# C  0x18794050
#
# Failed to write core dump. Minidumps are not enabled by default on client versions of Windows
#
# If you would like to submit a bug report, please visit:
#   http://bugreport.java.com/bugreport/crash.jsp
# The crash happened outside the Java Virtual Machine in native code.
# See problematic frame for where to report the bug.
#

---------------  T H R E A D  ---------------

Current thread (0x02a8c800):  JavaThread "main" [_thread_in_native, id=2164, stack(0x00b30000,0x00b80000)]

siginfo: ExceptionCode=0xc0000005, ExceptionInformation=0x00000008 0x18794050

Registers:
EAX=0x18794050, EBX=0x15418e68, ECX=0x00c15a80, EDX=0x00000000
ESP=0x00b7dec4, EBP=0x00b7dec8, ESI=0x15418e68, EDI=0x02a8c800
EIP=0x18794050, EFLAGS=0x00010283

Top of Stack: (sp=0x00b7dec4)
0x00b7dec4:   58393910 00b7df04 02a9daf1 02a8c940
0x00b7ded4:   00b7df1c 00c15a80 02a8c800 02a9d8c6
0x00b7dee4:   00b7dee4 15418e68 00b7df1c 1541cce0
0x00b7def4:   00000000 15418e68 00000000 00b7df14
0x00b7df04:   00b7df40 02a94310 00000000 02a9a1b0
0x00b7df14:   00c15a80 02a8c800 04d6ac20 00b7df20
0x00b7df24:   15412a9d 00b7df48 1541cce0 00000000
0x00b7df34:   15412aa8 00b7df14 00b7df48 00b7df6c 

Instructions: (pc=0x18794050)
0x18794030:   30 40 79 18 30 40 79 18 30 40 79 18 01 01 00 00
0x18794040:   00 00 80 3f 70 00 54 58 e2 02 30 1f 04 f2 01 08
0x18794050:   c0 e0 c0 00 18 00 2b 16 0f 00 00 00 c0 d0 e0 f0
0x18794060:   fd 4d d7 e7 4d 05 00 00 6c 40 79 18 ff ff ff ff 


Register to memory mapping:

EAX=0x18794050 is an unknown value
EBX={method} {0x15418e6c} 'isReplay_native' '(J)Z' in 'bwapi/Game'
ECX=0x00c15a80 is an unknown value
EDX=0x00000000 is an unknown value
ESP=0x00b7dec4 is pointing into the stack for thread: 0x02a8c800
EBP=0x00b7dec8 is pointing into the stack for thread: 0x02a8c800
ESI={method} {0x15418e6c} 'isReplay_native' '(J)Z' in 'bwapi/Game'
EDI=0x02a8c800 is a thread


Stack: [0x00b30000,0x00b80000],  sp=0x00b7dec4,  free space=311k
Native frames: (J=compiled Java code, j=interpreted, Vv=VM code, C=native code)
C  0x18794050
j  bwapi.Game.isReplay_native(J)Z+0
j  bwapi.Game.isReplay()Z+5
j  MyBotModule.onStart()V+24
j  bwapi.AIModule.onStart()V+11
v  ~StubRoutines::call_stub
V  [jvm.dll+0x15c725]
V  [jvm.dll+0x228b6e]
V  [jvm.dll+0x15c7be]
V  [jvm.dll+0xdddcb]
V  [jvm.dll+0xe0d5c]
C  [bwapi_bridge2_5.dll+0x1b20d]
C  [bwapi_bridge2_5.dll+0x750d3]
j  bwapi.Mirror.startGame()V+0
j  MyBotModule.run()V+15
j  Main.main([Ljava/lang/String;)V+7
v  ~StubRoutines::call_stub
V  [jvm.dll+0x15c725]
V  [jvm.dll+0x228b6e]
V  [jvm.dll+0x15c7be]
V  [jvm.dll+0xddb97]
V  [jvm.dll+0xe612f]
C  [javaw.exe+0x2373]
C  [javaw.exe+0xb05f]
C  [javaw.exe+0xb0e9]
C  [KERNEL32.DLL+0x16359]
C  [ntdll.dll+0x67c24]
C  [ntdll.dll+0x67bf4]
C  0x00000000

Java frames: (J=compiled Java code, j=interpreted, Vv=VM code)
j  bwapi.Game.isReplay_native(J)Z+0
j  bwapi.Game.isReplay()Z+5
j  MyBotModule.onStart()V+24
j  bwapi.AIModule.onStart()V+11
v  ~StubRoutines::call_stub
j  bwapi.Mirror.startGame()V+0
j  MyBotModule.run()V+15
j  Main.main([Ljava/lang/String;)V+7
v  ~StubRoutines::call_stub

---------------  P R O C E S S  ---------------

Java Threads: ( => current thread )
  0x00da7000 JavaThread "Service Thread" daemon [_thread_blocked, id=12552, stack(0x15ee0000,0x15f30000)]
  0x00da0400 JavaThread "C1 CompilerThread0" daemon [_thread_blocked, id=8464, stack(0x15e50000,0x15ea0000)]
  0x00d9f000 JavaThread "Attach Listener" daemon [_thread_blocked, id=12556, stack(0x15dc0000,0x15e10000)]
  0x00d9d000 JavaThread "Signal Dispatcher" daemon [_thread_blocked, id=12252, stack(0x15740000,0x15790000)]
  0x00d85400 JavaThread "Finalizer" daemon [_thread_blocked, id=9412, stack(0x15620000,0x15670000)]
  0x00d27400 JavaThread "Reference Handler" daemon [_thread_blocked, id=9268, stack(0x04b60000,0x04bb0000)]
=>0x02a8c800 JavaThread "main" [_thread_in_native, id=2164, stack(0x00b30000,0x00b80000)]

Other Threads:
  0x00d24800 VMThread [stack: 0x04ad0000,0x04b20000] [id=2812]
  0x00de4800 WatcherThread [stack: 0x15f70000,0x15fc0000] [id=1064]

VM state:not at safepoint (normal execution)

VM Mutex/Monitor currently owned by a thread: None

Heap:
 def new generation   total 4928K, used 1491K [0x04c00000, 0x05150000, 0x0a150000)
  eden space 4416K,  33% used [0x04c00000, 0x04d74fd8, 0x05050000)
  from space 512K,   0% used [0x05050000, 0x05050000, 0x050d0000)
  to   space 512K,   0% used [0x050d0000, 0x050d0000, 0x05150000)
 tenured generation   total 10944K, used 0K [0x0a150000, 0x0ac00000, 0x14c00000)
   the space 10944K,   0% used [0x0a150000, 0x0a150000, 0x0a150200, 0x0ac00000)
 Metaspace       used 448K, capacity 2600K, committed 2624K, reserved 4480K

Card table byte_map: [0x02970000,0x02a00000] byte_map_base: 0x0294a000

Polling page: 0x00b90000

CodeCache: size=32768Kb used=698Kb max_used=698Kb free=32069Kb
 bounds [0x02a90000, 0x02b40000, 0x04a90000]
 total_blobs=177 nmethods=29 adapters=79
 compilation: enabled

Compilation events (10 events):
Event: 0.130 Thread 0x00da0400   25             java.util.HashMap::hash (20 bytes)
Event: 0.130 Thread 0x00da0400 nmethod 25 0x02b3c848 code [0x02b3c940, 0x02b3c9dc]
Event: 3.371 Thread 0x00da0400   26             java.lang.String::startsWith (7 bytes)
Event: 3.372 Thread 0x00da0400 nmethod 26 0x02b3d6c8 code [0x02b3d7c0, 0x02b3d85c]
Event: 3.373 Thread 0x00da0400   27             sun.misc.MetaIndex::mayContain (51 bytes)
Event: 3.373 Thread 0x00da0400 nmethod 27 0x02b3d8c8 code [0x02b3d9f0, 0x02b3db68]
Event: 3.373 Thread 0x00da0400   28             sun.nio.cs.UTF_8$Encoder::encode (359 bytes)
Event: 3.374 Thread 0x00da0400 nmethod 28 0x02b3dd48 code [0x02b3de90, 0x02b3e2d8]
Event: 3.376 Thread 0x00da0400   29             java.lang.Math::min (11 bytes)
Event: 3.376 Thread 0x00da0400 nmethod 29 0x02b3e7c8 code [0x02b3e8c0, 0x02b3e930]

GC Heap History (0 events):
No events

Deoptimization events (0 events):
No events

Classes redefined (0 events):
No events

Internal exceptions (2 events):
Event: 0.033 Thread 0x02a8c800 Exception <a 'java/lang/NoSuchMethodError': Method sun.misc.Unsafe.defineClass(Ljava/lang/String;[BII)Ljava/lang/Class; name or signature does not match> (0x04c079e8) thrown at [C:\jenkins\workspace\8-2-build-windows-i586-cygwin\jdk8u251\737\hotspot\src\s
Event: 0.033 Thread 0x02a8c800 Exception <a 'java/lang/NoSuchMethodError': Method sun.misc.Unsafe.prefetchRead(Ljava/lang/Object;J)V name or signature does not match> (0x04c07cb8) thrown at [C:\jenkins\workspace\8-2-build-windows-i586-cygwin\jdk8u251\737\hotspot\src\share\vm\prims\jni.

Events (10 events):
Event: 3.373 loading class bwapi/AbstractPoint
Event: 3.373 loading class bwapi/AbstractPoint done
Event: 3.374 loading class bwapi/Position
Event: 3.374 loading class bwapi/Position done
Event: 3.375 loading class bwapi/Player
Event: 3.375 loading class bwapi/Player done
Event: 4.123 Executing VM operation: EnableBiasedLocking
Event: 4.123 Executing VM operation: EnableBiasedLocking done
Event: 18.151 loading class GameCommander
Event: 18.151 loading class GameCommander done


Dynamic libraries:
0x004e0000 - 0x00513000 	C:\Program Files (x86)\Java\jre1.8.0_251\bin\javaw.exe
0x77720000 - 0x778ba000 	C:\WINDOWS\SYSTEM32\ntdll.dll
0x75880000 - 0x75960000 	C:\WINDOWS\System32\KERNEL32.DLL
0x75a40000 - 0x75c3e000 	C:\WINDOWS\System32\KERNELBASE.dll
0x77690000 - 0x77709000 	C:\WINDOWS\System32\ADVAPI32.dll
0x77150000 - 0x7720f000 	C:\WINDOWS\System32\msvcrt.dll
0x76e50000 - 0x76ec6000 	C:\WINDOWS\System32\sechost.dll
0x76d90000 - 0x76e4b000 	C:\WINDOWS\System32\RPCRT4.dll
0x74ef0000 - 0x74f10000 	C:\WINDOWS\System32\SspiCli.dll
0x74ee0000 - 0x74eea000 	C:\WINDOWS\System32\CRYPTBASE.dll
0x75da0000 - 0x75dff000 	C:\WINDOWS\System32\bcryptPrimitives.dll
0x76050000 - 0x761e7000 	C:\WINDOWS\System32\USER32.dll
0x75960000 - 0x75977000 	C:\WINDOWS\System32\win32u.dll
0x76cd0000 - 0x76cf1000 	C:\WINDOWS\System32\GDI32.dll
0x77210000 - 0x7736b000 	C:\WINDOWS\System32\gdi32full.dll
0x75f00000 - 0x75f7c000 	C:\WINDOWS\System32\msvcp_win.dll
0x75100000 - 0x7521f000 	C:\WINDOWS\System32\ucrtbase.dll
0x74cd0000 - 0x74edf000 	C:\WINDOWS\WinSxS\x86_microsoft.windows.common-controls_6595b64144ccf1df_6.0.18362.959_none_2e74f29627888bc1\COMCTL32.dll
0x76ed0000 - 0x77145000 	C:\WINDOWS\System32\combase.dll
0x76d60000 - 0x76d85000 	C:\WINDOWS\System32\IMM32.DLL
0x5bef0000 - 0x5bfaf000 	C:\Program Files (x86)\Java\jre1.8.0_251\bin\msvcr100.dll
0x5bb10000 - 0x5bee9000 	C:\Program Files (x86)\Java\jre1.8.0_251\bin\client\jvm.dll
0x750a0000 - 0x750a6000 	C:\WINDOWS\System32\PSAPI.DLL
0x6ce70000 - 0x6ce94000 	C:\WINDOWS\SYSTEM32\WINMM.dll
0x6f8e0000 - 0x6f8e8000 	C:\WINDOWS\SYSTEM32\WSOCK32.dll
0x74930000 - 0x74938000 	C:\WINDOWS\SYSTEM32\VERSION.dll
0x761f0000 - 0x7624e000 	C:\WINDOWS\System32\WS2_32.dll
0x6ce40000 - 0x6ce63000 	C:\WINDOWS\SYSTEM32\winmmbase.dll
0x775a0000 - 0x775db000 	C:\WINDOWS\System32\cfgmgr32.dll
0x5bb00000 - 0x5bb0c000 	C:\Program Files (x86)\Java\jre1.8.0_251\bin\verify.dll
0x5bad0000 - 0x5baf1000 	C:\Program Files (x86)\Java\jre1.8.0_251\bin\java.dll
0x5bab0000 - 0x5bac4000 	C:\Program Files (x86)\Java\jre1.8.0_251\bin\zip.dll
0x76260000 - 0x767d9000 	C:\WINDOWS\System32\SHELL32.dll
0x759b0000 - 0x75a34000 	C:\WINDOWS\System32\shcore.dll
0x75220000 - 0x757e6000 	C:\WINDOWS\System32\windows.storage.dll
0x76c50000 - 0x76c6b000 	C:\WINDOWS\System32\profapi.dll
0x75d50000 - 0x75d93000 	C:\WINDOWS\System32\powrprof.dll
0x75980000 - 0x7598d000 	C:\WINDOWS\System32\UMPDC.dll
0x775e0000 - 0x77624000 	C:\WINDOWS\System32\shlwapi.dll
0x76c40000 - 0x76c4f000 	C:\WINDOWS\System32\kernel.appcore.dll
0x75990000 - 0x759a3000 	C:\WINDOWS\System32\cryptsp.dll
0x58370000 - 0x585f6000 	D:\workspace\Namsic_Bot4\bwapi_bridge2_5.dll
0x58200000 - 0x58271000 	C:\WINDOWS\SYSTEM32\MSVCP120.dll
0x58280000 - 0x5836e000 	C:\WINDOWS\SYSTEM32\MSVCR120.dll
0x6acc0000 - 0x6ad27000 	D:\workspace\Namsic_Bot4\libgmp-10.dll
0x6f540000 - 0x6f59e000 	D:\workspace\Namsic_Bot4\libmpfr-4.dll
0x74010000 - 0x7419f000 	C:\WINDOWS\SYSTEM32\dbghelp.dll

VM Arguments:
jvm_args: -Dfile.encoding=UTF-8 
java_command: Main
java_class_path (initial): D:\workspace\Namsic_Bot4\bin;D:\workspace\Namsic_Bot4\lib\bwmirror_v2_5.jar
Launcher Type: SUN_STANDARD

Environment Variables:
JAVA_HOME=C:\Program Files\Java\jdk-12.0.2
PATH=C:\Windows\System32;C:\Windows\System;C:\Program Files\dotnet\;C:\Program Files\Java\jdk-12.0.2\bin;D:\Git\cmd;C:\Program Files\nodejs;C:\Users\user\AppData\Roaming\npm;C:\Windows\System32;C:\Users\user\AppData\Local\GitHubDesktop\bin;C:\Program Files\JetBrains\IntelliJ IDEA Community Edition 2020.1.2\bin;;C:\Program Files\nodejs;C:\Users\user\AppData\Roaming\npm;
USERNAME=user
OS=Windows_NT
PROCESSOR_IDENTIFIER=Intel64 Family 6 Model 60 Stepping 3, GenuineIntel



---------------  S Y S T E M  ---------------

OS: Windows 10.0 , 64 bit Build 18362 (10.0.18362.959)

CPU:total 8 (initial active 8) (4 cores per cpu, 2 threads per core) family 6 model 60 stepping 3, cmov, cx8, fxsr, mmx, sse, sse2, sse3, ssse3, sse4.1, sse4.2, popcnt, avx, avx2, aes, clmul, erms, lzcnt, ht, tsc, tscinvbit, bmi1, bmi2

Memory: 4k page, physical 16691292k(10459960k free), swap 19181660k(12595820k free)

vm_info: Java HotSpot(TM) Client VM (25.251-b08) for windows-x86 JRE (1.8.0_251-b08), built on Mar 12 2020 06:33:01 by "" with MS VC++ 10.0 (VS2010)

time: Mon Aug 03 08:36:25 2020
timezone: 대한민국 표준시
elapsed time: 18 seconds (0d 0h 0m 18s)

